<?xml version="1.0" encoding="UTF-8"?>
<!-- Generated by org.testng.reporters.JUnitXMLReporter -->
<testsuite ignored="0" hostname="Ranbaaz" failures="0" tests="6" name="Default test" time="35.496" errors="0" timestamp="2023-11-16T23:27:40 GMT-05:00">
  <testcase classname="login.Testngselenium" name="Display" time="0.121"/>
  <testcase classname="login.Testngselenium" name="Display" time="0.138"/>
  <testcase classname="login.Testngselenium" name="Display" time="0.235"/>
  <testcase classname="login.Testngselenium" name="enterdata" time="0.223"/>
  <testcase classname="login.Testngselenium" name="gettitle" time="0.015"/>
  <testcase classname="login.Testngselenium" name="linkdisplayed" time="0.118"/>
</testsuite> <!-- Default test -->
