<?xml version="1.0" encoding="UTF-8"?>
<testng-results ignored="0" total="6" passed="6" failed="0" skipped="0">
  <reporter-output>
  </reporter-output>
  <suite started-at="2023-11-16T23:27:04 GMT-05:00" name="Default suite" finished-at="2023-11-16T23:27:40 GMT-05:00" duration-ms="35496">
    <groups>
    </groups>
    <test started-at="2023-11-16T23:27:04 GMT-05:00" name="Default test" finished-at="2023-11-16T23:27:40 GMT-05:00" duration-ms="35496">
      <class name="login.Testngselenium">
        <test-method is-config="true" signature="setproperty()[pri:0, instance:login.Testngselenium@618b19ad]" started-at="2023-11-16T23:27:04 GMT-05:00" name="setproperty" finished-at="2023-11-16T23:27:04 GMT-05:00" duration-ms="10" status="PASS">
          <reporter-output>
          </reporter-output>
        </test-method> <!-- setproperty -->
        <test-method is-config="true" signature="openbrowser()[pri:0, instance:login.Testngselenium@618b19ad]" started-at="2023-11-16T23:27:04 GMT-05:00" name="openbrowser" finished-at="2023-11-16T23:27:09 GMT-05:00" duration-ms="4302" status="PASS">
          <reporter-output>
          </reporter-output>
        </test-method> <!-- openbrowser -->
        <test-method signature="Display(java.lang.String)[pri:0, instance:login.Testngselenium@618b19ad]" started-at="2023-11-16T23:27:09 GMT-05:00" name="Display" data-provider="getdata" finished-at="2023-11-16T23:27:09 GMT-05:00" duration-ms="121" status="PASS">
          <params>
            <param index="0">
              <value>
                <![CDATA[Roicians]]>
              </value>
            </param>
          </params>
          <reporter-output>
          </reporter-output>
        </test-method> <!-- Display -->
        <test-method is-config="true" signature="closebrowser()[pri:0, instance:login.Testngselenium@618b19ad]" started-at="2023-11-16T23:27:09 GMT-05:00" name="closebrowser" finished-at="2023-11-16T23:27:10 GMT-05:00" duration-ms="1191" status="PASS">
          <reporter-output>
          </reporter-output>
        </test-method> <!-- closebrowser -->
        <test-method is-config="true" signature="openbrowser()[pri:0, instance:login.Testngselenium@618b19ad]" started-at="2023-11-16T23:27:10 GMT-05:00" name="openbrowser" finished-at="2023-11-16T23:27:13 GMT-05:00" duration-ms="3468" status="PASS">
          <reporter-output>
          </reporter-output>
        </test-method> <!-- openbrowser -->
        <test-method signature="Display(java.lang.String)[pri:0, instance:login.Testngselenium@618b19ad]" started-at="2023-11-16T23:27:13 GMT-05:00" name="Display" data-provider="getdata" finished-at="2023-11-16T23:27:14 GMT-05:00" duration-ms="138" status="PASS">
          <params>
            <param index="0">
              <value>
                <![CDATA[Roicians Tech]]>
              </value>
            </param>
          </params>
          <reporter-output>
          </reporter-output>
        </test-method> <!-- Display -->
        <test-method is-config="true" signature="closebrowser()[pri:0, instance:login.Testngselenium@618b19ad]" started-at="2023-11-16T23:27:14 GMT-05:00" name="closebrowser" finished-at="2023-11-16T23:27:15 GMT-05:00" duration-ms="1224" status="PASS">
          <reporter-output>
          </reporter-output>
        </test-method> <!-- closebrowser -->
        <test-method is-config="true" signature="openbrowser()[pri:0, instance:login.Testngselenium@618b19ad]" started-at="2023-11-16T23:27:15 GMT-05:00" name="openbrowser" finished-at="2023-11-16T23:27:18 GMT-05:00" duration-ms="3634" status="PASS">
          <reporter-output>
          </reporter-output>
        </test-method> <!-- openbrowser -->
        <test-method signature="Display(java.lang.String)[pri:0, instance:login.Testngselenium@618b19ad]" started-at="2023-11-16T23:27:18 GMT-05:00" name="Display" data-provider="getdata" finished-at="2023-11-16T23:27:19 GMT-05:00" duration-ms="235" status="PASS">
          <params>
            <param index="0">
              <value>
                <![CDATA[Roicians QA]]>
              </value>
            </param>
          </params>
          <reporter-output>
          </reporter-output>
        </test-method> <!-- Display -->
        <test-method is-config="true" signature="closebrowser()[pri:0, instance:login.Testngselenium@618b19ad]" started-at="2023-11-16T23:27:19 GMT-05:00" name="closebrowser" finished-at="2023-11-16T23:27:20 GMT-05:00" duration-ms="1696" status="PASS">
          <reporter-output>
          </reporter-output>
        </test-method> <!-- closebrowser -->
        <test-method is-config="true" signature="openbrowser()[pri:0, instance:login.Testngselenium@618b19ad]" started-at="2023-11-16T23:27:20 GMT-05:00" name="openbrowser" finished-at="2023-11-16T23:27:25 GMT-05:00" duration-ms="4818" status="PASS">
          <reporter-output>
          </reporter-output>
        </test-method> <!-- openbrowser -->
        <test-method signature="enterdata()[pri:0, instance:login.Testngselenium@618b19ad]" started-at="2023-11-16T23:27:25 GMT-05:00" name="enterdata" finished-at="2023-11-16T23:27:25 GMT-05:00" duration-ms="223" status="PASS">
          <reporter-output>
          </reporter-output>
        </test-method> <!-- enterdata -->
        <test-method is-config="true" signature="closebrowser()[pri:0, instance:login.Testngselenium@618b19ad]" started-at="2023-11-16T23:27:25 GMT-05:00" name="closebrowser" finished-at="2023-11-16T23:27:27 GMT-05:00" duration-ms="1631" status="PASS">
          <reporter-output>
          </reporter-output>
        </test-method> <!-- closebrowser -->
        <test-method is-config="true" signature="openbrowser()[pri:0, instance:login.Testngselenium@618b19ad]" started-at="2023-11-16T23:27:27 GMT-05:00" name="openbrowser" finished-at="2023-11-16T23:27:32 GMT-05:00" duration-ms="5056" status="PASS">
          <reporter-output>
          </reporter-output>
        </test-method> <!-- openbrowser -->
        <test-method signature="gettitle()[pri:0, instance:login.Testngselenium@618b19ad]" started-at="2023-11-16T23:27:32 GMT-05:00" name="gettitle" finished-at="2023-11-16T23:27:32 GMT-05:00" duration-ms="15" status="PASS">
          <reporter-output>
          </reporter-output>
        </test-method> <!-- gettitle -->
        <test-method is-config="true" signature="closebrowser()[pri:0, instance:login.Testngselenium@618b19ad]" started-at="2023-11-16T23:27:32 GMT-05:00" name="closebrowser" finished-at="2023-11-16T23:27:34 GMT-05:00" duration-ms="1526" status="PASS">
          <reporter-output>
          </reporter-output>
        </test-method> <!-- closebrowser -->
        <test-method is-config="true" signature="openbrowser()[pri:0, instance:login.Testngselenium@618b19ad]" started-at="2023-11-16T23:27:34 GMT-05:00" name="openbrowser" finished-at="2023-11-16T23:27:38 GMT-05:00" duration-ms="4686" status="PASS">
          <reporter-output>
          </reporter-output>
        </test-method> <!-- openbrowser -->
        <test-method signature="linkdisplayed()[pri:0, instance:login.Testngselenium@618b19ad]" started-at="2023-11-16T23:27:38 GMT-05:00" name="linkdisplayed" finished-at="2023-11-16T23:27:38 GMT-05:00" duration-ms="118" status="PASS">
          <reporter-output>
          </reporter-output>
        </test-method> <!-- linkdisplayed -->
        <test-method is-config="true" signature="closebrowser()[pri:0, instance:login.Testngselenium@618b19ad]" started-at="2023-11-16T23:27:38 GMT-05:00" name="closebrowser" finished-at="2023-11-16T23:27:40 GMT-05:00" duration-ms="1357" status="PASS">
          <reporter-output>
          </reporter-output>
        </test-method> <!-- closebrowser -->
      </class> <!-- login.Testngselenium -->
    </test> <!-- Default test -->
  </suite> <!-- Default suite -->
</testng-results>
